2024-07-22 21:01:40,059 [Worker-4: Loading available Gradle versions] INFO  o.e.b.c.i.u.g.PublishedGradleVersions - Gradle version information cache is out-of-date. Trying to update.
2024-07-22 21:02:33,401 [Worker-7: Importing Maven projects] INFO  o.e.m.c.i.l.LifecycleMappingFactory - Using org.eclipse.m2e.jdt.JarLifecycleMapping lifecycle mapping for MavenProject: com.example:demo:0.0.1-SNAPSHOT @ C:\Preeti\Training\Week 1\Day1\Welcome\pom.xml.
2024-07-22 21:02:42,880 [Worker-7: Importing Maven projects] INFO  o.e.m.j.i.AbstractJavaProjectConfigurator - Adding source folder /demo/src/main/java
2024-07-22 21:02:42,884 [Worker-7: Importing Maven projects] INFO  o.e.m.j.i.AbstractJavaProjectConfigurator - Adding resource folder /demo/src/main/resources
2024-07-22 21:02:42,885 [Worker-7: Importing Maven projects] INFO  o.e.m.j.i.AbstractJavaProjectConfigurator - Adding resource folder /demo/src/main/resources
2024-07-22 21:02:42,887 [Worker-7: Importing Maven projects] INFO  o.e.m.j.i.AbstractJavaProjectConfigurator - Adding source folder /demo/src/test/java
2024-07-22 21:02:42,889 [Worker-7: Importing Maven projects] INFO  o.e.m.j.i.AbstractJavaProjectConfigurator - Adding resource folder /demo/src/test/resources
2024-07-22 21:02:43,400 [Worker-7: Importing Maven projects] INFO  o.e.m.c.i.p.ProjectConfigurationManager - Imported and configured 1 project(s) in 17 sec
2024-07-22 21:02:44,525 [Worker-2: Updating Maven Project] INFO  o.e.m.c.i.p.ProjectConfigurationManager - Update started
2024-07-22 21:02:45,291 [Worker-2: Updating Maven Project] INFO  o.e.m.c.i.l.LifecycleMappingFactory - Using org.eclipse.m2e.jdt.JarLifecycleMapping lifecycle mapping for MavenProject: com.example:demo:0.0.1-SNAPSHOT @ C:\Preeti\Training\Week 1\Day1\Welcome\pom.xml.
2024-07-22 21:02:46,835 [Worker-2: Updating Maven Project] INFO  o.e.m.j.i.AbstractJavaProjectConfigurator - Adding source folder /demo/src/main/java
2024-07-22 21:02:46,837 [Worker-2: Updating Maven Project] INFO  o.e.m.j.i.AbstractJavaProjectConfigurator - Adding resource folder /demo/src/main/resources
2024-07-22 21:02:46,839 [Worker-2: Updating Maven Project] INFO  o.e.m.j.i.AbstractJavaProjectConfigurator - Adding resource folder /demo/src/main/resources
2024-07-22 21:02:46,841 [Worker-2: Updating Maven Project] INFO  o.e.m.j.i.AbstractJavaProjectConfigurator - Adding source folder /demo/src/test/java
2024-07-22 21:02:46,843 [Worker-2: Updating Maven Project] INFO  o.e.m.j.i.AbstractJavaProjectConfigurator - Adding resource folder /demo/src/test/resources
2024-07-22 21:02:47,987 [Worker-2: Updating Maven Project] INFO  o.e.m.c.i.p.ProjectConfigurationManager - Update completed for 1 poms: local refresh takes 0.00 sec, refresh facades takes 2.00 sec, update config takes 0.00 sec 
2024-07-22 21:02:49,095 [Worker-5: Building] INFO  o.a.m.s.f.DefaultMavenResourcesFiltering - Copying 1 resource from src\main\resources to target\classes
2024-07-22 21:02:49,142 [Worker-5: Building] INFO  o.a.m.s.f.DefaultMavenResourcesFiltering - Copying 0 resource from src\main\resources to target\classes
2024-07-22 21:02:49,150 [Worker-5: Building] INFO  o.a.m.s.f.DefaultMavenResourcesFiltering - skip non existing resourceDirectory C:\Preeti\Training\Week 1\Day1\Welcome\src\test\resources
2024-07-22 21:27:33,985 [Worker-0: Importing Maven projects] INFO  o.e.m.c.i.l.LifecycleMappingFactory - Using org.maven.ide.eclipse.wtp.WarLifecycleMapping lifecycle mapping for MavenProject: com:springmvc:0.0.1-SNAPSHOT @ C:\Preeti\Training\Week 1\Day3\springmvc\pom.xml.
2024-07-22 21:27:40,881 [Worker-0: Importing Maven projects] INFO  o.e.m.j.i.AbstractJavaProjectConfigurator - Adding source folder /springmvc/src/main/java
2024-07-22 21:27:40,882 [Worker-0: Importing Maven projects] INFO  o.e.m.j.i.AbstractJavaProjectConfigurator - Adding resource folder /springmvc/src/main/resources
2024-07-22 21:27:40,883 [Worker-0: Importing Maven projects] INFO  o.e.m.j.i.AbstractJavaProjectConfigurator - Adding source folder /springmvc/src/test/java
2024-07-22 21:27:40,884 [Worker-0: Importing Maven projects] INFO  o.e.m.j.i.AbstractJavaProjectConfigurator - Adding resource folder /springmvc/src/test/resources
2024-07-22 21:27:41,171 [Worker-0: Importing Maven projects] INFO  o.e.m.c.i.p.ProjectConfigurationManager - Imported and configured 1 project(s) in 9 sec
2024-07-22 21:27:41,350 [Worker-0: Updating Maven Project] INFO  o.e.m.c.i.p.ProjectConfigurationManager - Update started
2024-07-22 21:27:41,627 [Worker-0: Updating Maven Project] INFO  o.e.m.c.i.l.LifecycleMappingFactory - Using org.maven.ide.eclipse.wtp.WarLifecycleMapping lifecycle mapping for MavenProject: com:springmvc:0.0.1-SNAPSHOT @ C:\Preeti\Training\Week 1\Day3\springmvc\pom.xml.
2024-07-22 21:27:42,448 [Worker-0: Updating Maven Project] INFO  o.e.m.j.i.AbstractJavaProjectConfigurator - Adding source folder /springmvc/src/main/java
2024-07-22 21:27:42,449 [Worker-0: Updating Maven Project] INFO  o.e.m.j.i.AbstractJavaProjectConfigurator - Adding resource folder /springmvc/src/main/resources
2024-07-22 21:27:42,449 [Worker-0: Updating Maven Project] INFO  o.e.m.j.i.AbstractJavaProjectConfigurator - Adding source folder /springmvc/src/test/java
2024-07-22 21:27:42,450 [Worker-0: Updating Maven Project] INFO  o.e.m.j.i.AbstractJavaProjectConfigurator - Adding resource folder /springmvc/src/test/resources
2024-07-22 21:27:42,811 [Worker-0: Updating Maven Project] INFO  o.e.m.w.i.f.ResourceFilteringBuildParticipant - Cleaning filtered folder for springmvc
2024-07-22 21:27:42,848 [Worker-0: Updating Maven Project] INFO  o.e.m.c.i.p.ProjectConfigurationManager - Update completed for 1 poms: local refresh takes 0.00 sec, refresh facades takes 0.00 sec, update config takes 0.00 sec 
2024-07-22 21:27:43,591 [Worker-17: Building] INFO  o.e.m.c.i.embedder.EclipseLogger - Using 'UTF-8' encoding to copy filtered resources.
2024-07-22 21:27:43,592 [Worker-17: Building] INFO  o.e.m.c.i.embedder.EclipseLogger - Copying 1 resource
2024-07-22 21:27:43,606 [Worker-17: Building] INFO  o.e.m.c.i.embedder.EclipseLogger - Using 'UTF-8' encoding to copy filtered resources.
2024-07-22 21:27:43,606 [Worker-17: Building] INFO  o.e.m.c.i.embedder.EclipseLogger - Copying 0 resource
2024-07-22 21:27:43,607 [Worker-17: Building] INFO  o.e.m.w.i.f.ResourceFilteringBuildParticipant - Changed resources require a complete clean of filtered resources of springmvc
2024-07-22 21:27:43,609 [Worker-17: Building] INFO  o.e.m.w.i.f.ResourceFilteringBuildParticipant - Executing resource filtering for springmvc
2024-07-22 22:32:23,151 [Worker-18: Updating Maven Dependencies] INFO  o.e.m.c.i.l.LifecycleMappingFactory - Using org.eclipse.m2e.jdt.JarLifecycleMapping lifecycle mapping for MavenProject: com.example:demo:0.0.1-SNAPSHOT @ C:\Preeti\Training\Week 1\Day1\Welcome\pom.xml.
2024-07-25 22:43:33,552 [Worker-152: Updating Maven Dependencies] INFO  o.e.m.c.i.l.LifecycleMappingFactory - Using org.maven.ide.eclipse.wtp.WarLifecycleMapping lifecycle mapping for MavenProject: com:springmvc:0.0.1-SNAPSHOT @ C:\Preeti\Training\Week 1\Day3\springmvc\pom.xml.
2024-07-25 22:46:18,874 [Worker-150: Importing Maven projects] INFO  o.e.m.c.i.l.LifecycleMappingFactory - Using org.maven.ide.eclipse.wtp.WarLifecycleMapping lifecycle mapping for MavenProject: com.javatpoint:SpringMVCPagination:0.0.1-SNAPSHOT @ C:\Preeti\Training\Week 1\Day5\SpringMVCCRUDSimple\SpringMVCCRUDSimple\pom.xml.
2024-07-25 22:46:22,925 [Worker-150: Importing Maven projects] INFO  o.e.m.j.i.AbstractJavaProjectConfigurator - Adding source folder /SpringMVCPagination/src/main/java
2024-07-25 22:46:22,926 [Worker-150: Importing Maven projects] INFO  o.e.m.j.i.AbstractJavaProjectConfigurator - Adding resource folder /SpringMVCPagination/src/main/resources
2024-07-25 22:46:22,927 [Worker-150: Importing Maven projects] INFO  o.e.m.j.i.AbstractJavaProjectConfigurator - Adding source folder /SpringMVCPagination/src/test/java
2024-07-25 22:46:22,927 [Worker-150: Importing Maven projects] INFO  o.e.m.j.i.AbstractJavaProjectConfigurator - Adding resource folder /SpringMVCPagination/src/test/resources
2024-07-25 22:46:23,298 [Worker-150: Importing Maven projects] INFO  o.e.m.c.i.p.ProjectConfigurationManager - Imported and configured 1 project(s) in 5 sec
2024-07-25 22:46:23,825 [Worker-154: Building] WARN  o.a.m.s.f.DefaultMavenResourcesFiltering - Using platform encoding (Cp1252 actually) to copy filtered resources, i.e. build is platform dependent!
2024-07-25 22:46:23,828 [Worker-154: Building] INFO  o.a.m.s.f.DefaultMavenResourcesFiltering - Copying 0 resource from src\main\resources to target\classes
2024-07-25 22:46:23,833 [Worker-154: Building] WARN  o.a.m.s.f.DefaultMavenResourcesFiltering - Using platform encoding (Cp1252 actually) to copy filtered resources, i.e. build is platform dependent!
2024-07-25 22:46:23,833 [Worker-154: Building] INFO  o.a.m.s.f.DefaultMavenResourcesFiltering - Copying 0 resource from src\test\resources to target\test-classes
2024-07-25 22:50:42,660 [Worker-149: Launching Executing clean in C__Preeti_Training_Week 1_Day3_springmvc] INFO  o.eclipse.m2e.core.internal.Bundles - getClasspathEntries(Bundle=org.eclipse.m2e.maven.runtime_3.9.600.20231203-1234 [354])
2024-07-25 22:50:42,663 [Worker-149: Launching Executing clean in C__Preeti_Training_Week 1_Day3_springmvc] INFO  o.eclipse.m2e.core.internal.Bundles - 	Entry: C:\Users\owner\Downloads\sts-4.22.1.RELEASE\plugins\org.eclipse.m2e.maven.runtime_3.9.600.20231203-1234
2024-07-25 22:50:42,664 [Worker-149: Launching Executing clean in C__Preeti_Training_Week 1_Day3_springmvc] INFO  o.eclipse.m2e.core.internal.Bundles - 	Entry: C:\Users\owner\Downloads\sts-4.22.1.RELEASE\plugins\org.eclipse.m2e.maven.runtime_3.9.600.20231203-1234\jars\aopalliance-1.0.jar
2024-07-25 22:50:42,665 [Worker-149: Launching Executing clean in C__Preeti_Training_Week 1_Day3_springmvc] INFO  o.eclipse.m2e.core.internal.Bundles - 	Entry: C:\Users\owner\Downloads\sts-4.22.1.RELEASE\plugins\org.eclipse.m2e.maven.runtime_3.9.600.20231203-1234\jars\guice-5.1.0.jar
2024-07-25 22:50:42,665 [Worker-149: Launching Executing clean in C__Preeti_Training_Week 1_Day3_springmvc] INFO  o.eclipse.m2e.core.internal.Bundles - 	Entry: C:\Users\owner\Downloads\sts-4.22.1.RELEASE\plugins\org.eclipse.m2e.maven.runtime_3.9.600.20231203-1234\jars\httpclient-4.5.14.jar
2024-07-25 22:50:42,665 [Worker-149: Launching Executing clean in C__Preeti_Training_Week 1_Day3_springmvc] INFO  o.eclipse.m2e.core.internal.Bundles - 	Entry: C:\Users\owner\Downloads\sts-4.22.1.RELEASE\plugins\org.eclipse.m2e.maven.runtime_3.9.600.20231203-1234\jars\httpcore-4.4.16.jar
2024-07-25 22:50:42,666 [Worker-149: Launching Executing clean in C__Preeti_Training_Week 1_Day3_springmvc] INFO  o.eclipse.m2e.core.internal.Bundles - 	Entry: C:\Users\owner\Downloads\sts-4.22.1.RELEASE\plugins\org.eclipse.m2e.maven.runtime_3.9.600.20231203-1234\jars\jansi-2.4.0.jar
2024-07-25 22:50:42,666 [Worker-149: Launching Executing clean in C__Preeti_Training_Week 1_Day3_springmvc] INFO  o.eclipse.m2e.core.internal.Bundles - 	Entry: C:\Users\owner\Downloads\sts-4.22.1.RELEASE\plugins\org.eclipse.m2e.maven.runtime_3.9.600.20231203-1234\jars\jcl-over-slf4j-1.7.36.jar
2024-07-25 22:50:42,666 [Worker-149: Launching Executing clean in C__Preeti_Training_Week 1_Day3_springmvc] INFO  o.eclipse.m2e.core.internal.Bundles - 	Entry: C:\Users\owner\Downloads\sts-4.22.1.RELEASE\plugins\org.eclipse.m2e.maven.runtime_3.9.600.20231203-1234\jars\maven-artifact-3.9.6.jar
2024-07-25 22:50:42,666 [Worker-149: Launching Executing clean in C__Preeti_Training_Week 1_Day3_springmvc] INFO  o.eclipse.m2e.core.internal.Bundles - 	Entry: C:\Users\owner\Downloads\sts-4.22.1.RELEASE\plugins\org.eclipse.m2e.maven.runtime_3.9.600.20231203-1234\jars\maven-builder-support-3.9.6.jar
2024-07-25 22:50:42,666 [Worker-149: Launching Executing clean in C__Preeti_Training_Week 1_Day3_springmvc] INFO  o.eclipse.m2e.core.internal.Bundles - 	Entry: C:\Users\owner\Downloads\sts-4.22.1.RELEASE\plugins\org.eclipse.m2e.maven.runtime_3.9.600.20231203-1234\jars\maven-compat-3.9.6.jar
2024-07-25 22:50:42,667 [Worker-149: Launching Executing clean in C__Preeti_Training_Week 1_Day3_springmvc] INFO  o.eclipse.m2e.core.internal.Bundles - 	Entry: C:\Users\owner\Downloads\sts-4.22.1.RELEASE\plugins\org.eclipse.m2e.maven.runtime_3.9.600.20231203-1234\jars\maven-core-3.9.6.jar
2024-07-25 22:50:42,667 [Worker-149: Launching Executing clean in C__Preeti_Training_Week 1_Day3_springmvc] INFO  o.eclipse.m2e.core.internal.Bundles - 	Entry: C:\Users\owner\Downloads\sts-4.22.1.RELEASE\plugins\org.eclipse.m2e.maven.runtime_3.9.600.20231203-1234\jars\maven-embedder-3.9.6.jar
2024-07-25 22:50:42,667 [Worker-149: Launching Executing clean in C__Preeti_Training_Week 1_Day3_springmvc] INFO  o.eclipse.m2e.core.internal.Bundles - 	Entry: C:\Users\owner\Downloads\sts-4.22.1.RELEASE\plugins\org.eclipse.m2e.maven.runtime_3.9.600.20231203-1234\jars\maven-model-3.9.6.jar
2024-07-25 22:50:42,667 [Worker-149: Launching Executing clean in C__Preeti_Training_Week 1_Day3_springmvc] INFO  o.eclipse.m2e.core.internal.Bundles - 	Entry: C:\Users\owner\Downloads\sts-4.22.1.RELEASE\plugins\org.eclipse.m2e.maven.runtime_3.9.600.20231203-1234\jars\maven-model-builder-3.9.6.jar
2024-07-25 22:50:42,668 [Worker-149: Launching Executing clean in C__Preeti_Training_Week 1_Day3_springmvc] INFO  o.eclipse.m2e.core.internal.Bundles - 	Entry: C:\Users\owner\Downloads\sts-4.22.1.RELEASE\plugins\org.eclipse.m2e.maven.runtime_3.9.600.20231203-1234\jars\maven-plugin-api-3.9.6.jar
2024-07-25 22:50:42,668 [Worker-149: Launching Executing clean in C__Preeti_Training_Week 1_Day3_springmvc] INFO  o.eclipse.m2e.core.internal.Bundles - 	Entry: C:\Users\owner\Downloads\sts-4.22.1.RELEASE\plugins\org.eclipse.m2e.maven.runtime_3.9.600.20231203-1234\jars\maven-repository-metadata-3.9.6.jar
2024-07-25 22:50:42,668 [Worker-149: Launching Executing clean in C__Preeti_Training_Week 1_Day3_springmvc] INFO  o.eclipse.m2e.core.internal.Bundles - 	Entry: C:\Users\owner\Downloads\sts-4.22.1.RELEASE\plugins\org.eclipse.m2e.maven.runtime_3.9.600.20231203-1234\jars\maven-resolver-api-1.9.18.jar
2024-07-25 22:50:42,668 [Worker-149: Launching Executing clean in C__Preeti_Training_Week 1_Day3_springmvc] INFO  o.eclipse.m2e.core.internal.Bundles - 	Entry: C:\Users\owner\Downloads\sts-4.22.1.RELEASE\plugins\org.eclipse.m2e.maven.runtime_3.9.600.20231203-1234\jars\maven-resolver-connector-basic-1.9.18.jar
2024-07-25 22:50:42,668 [Worker-149: Launching Executing clean in C__Preeti_Training_Week 1_Day3_springmvc] INFO  o.eclipse.m2e.core.internal.Bundles - 	Entry: C:\Users\owner\Downloads\sts-4.22.1.RELEASE\plugins\org.eclipse.m2e.maven.runtime_3.9.600.20231203-1234\jars\maven-resolver-impl-1.9.18.jar
2024-07-25 22:50:42,668 [Worker-149: Launching Executing clean in C__Preeti_Training_Week 1_Day3_springmvc] INFO  o.eclipse.m2e.core.internal.Bundles - 	Entry: C:\Users\owner\Downloads\sts-4.22.1.RELEASE\plugins\org.eclipse.m2e.maven.runtime_3.9.600.20231203-1234\jars\maven-resolver-named-locks-1.9.18.jar
2024-07-25 22:50:42,669 [Worker-149: Launching Executing clean in C__Preeti_Training_Week 1_Day3_springmvc] INFO  o.eclipse.m2e.core.internal.Bundles - 	Entry: C:\Users\owner\Downloads\sts-4.22.1.RELEASE\plugins\org.eclipse.m2e.maven.runtime_3.9.600.20231203-1234\jars\maven-resolver-provider-3.9.6.jar
2024-07-25 22:50:42,669 [Worker-149: Launching Executing clean in C__Preeti_Training_Week 1_Day3_springmvc] INFO  o.eclipse.m2e.core.internal.Bundles - 	Entry: C:\Users\owner\Downloads\sts-4.22.1.RELEASE\plugins\org.eclipse.m2e.maven.runtime_3.9.600.20231203-1234\jars\maven-resolver-spi-1.9.18.jar
2024-07-25 22:50:42,669 [Worker-149: Launching Executing clean in C__Preeti_Training_Week 1_Day3_springmvc] INFO  o.eclipse.m2e.core.internal.Bundles - 	Entry: C:\Users\owner\Downloads\sts-4.22.1.RELEASE\plugins\org.eclipse.m2e.maven.runtime_3.9.600.20231203-1234\jars\maven-resolver-transport-file-1.9.18.jar
2024-07-25 22:50:42,669 [Worker-149: Launching Executing clean in C__Preeti_Training_Week 1_Day3_springmvc] INFO  o.eclipse.m2e.core.internal.Bundles - 	Entry: C:\Users\owner\Downloads\sts-4.22.1.RELEASE\plugins\org.eclipse.m2e.maven.runtime_3.9.600.20231203-1234\jars\maven-resolver-transport-http-1.9.18.jar
2024-07-25 22:50:42,669 [Worker-149: Launching Executing clean in C__Preeti_Training_Week 1_Day3_springmvc] INFO  o.eclipse.m2e.core.internal.Bundles - 	Entry: C:\Users\owner\Downloads\sts-4.22.1.RELEASE\plugins\org.eclipse.m2e.maven.runtime_3.9.600.20231203-1234\jars\maven-resolver-transport-wagon-1.9.18.jar
2024-07-25 22:50:42,670 [Worker-149: Launching Executing clean in C__Preeti_Training_Week 1_Day3_springmvc] INFO  o.eclipse.m2e.core.internal.Bundles - 	Entry: C:\Users\owner\Downloads\sts-4.22.1.RELEASE\plugins\org.eclipse.m2e.maven.runtime_3.9.600.20231203-1234\jars\maven-resolver-util-1.9.18.jar
2024-07-25 22:50:42,670 [Worker-149: Launching Executing clean in C__Preeti_Training_Week 1_Day3_springmvc] INFO  o.eclipse.m2e.core.internal.Bundles - 	Entry: C:\Users\owner\Downloads\sts-4.22.1.RELEASE\plugins\org.eclipse.m2e.maven.runtime_3.9.600.20231203-1234\jars\maven-settings-3.9.6.jar
2024-07-25 22:50:42,670 [Worker-149: Launching Executing clean in C__Preeti_Training_Week 1_Day3_springmvc] INFO  o.eclipse.m2e.core.internal.Bundles - 	Entry: C:\Users\owner\Downloads\sts-4.22.1.RELEASE\plugins\org.eclipse.m2e.maven.runtime_3.9.600.20231203-1234\jars\maven-settings-builder-3.9.6.jar
2024-07-25 22:50:42,670 [Worker-149: Launching Executing clean in C__Preeti_Training_Week 1_Day3_springmvc] INFO  o.eclipse.m2e.core.internal.Bundles - 	Entry: C:\Users\owner\Downloads\sts-4.22.1.RELEASE\plugins\org.eclipse.m2e.maven.runtime_3.9.600.20231203-1234\jars\maven-shared-utils-3.3.4.jar
2024-07-25 22:50:42,670 [Worker-149: Launching Executing clean in C__Preeti_Training_Week 1_Day3_springmvc] INFO  o.eclipse.m2e.core.internal.Bundles - 	Entry: C:\Users\owner\Downloads\sts-4.22.1.RELEASE\plugins\org.eclipse.m2e.maven.runtime_3.9.600.20231203-1234\jars\org.eclipse.sisu.inject-0.9.0.M2.jar
2024-07-25 22:50:42,671 [Worker-149: Launching Executing clean in C__Preeti_Training_Week 1_Day3_springmvc] INFO  o.eclipse.m2e.core.internal.Bundles - 	Entry: C:\Users\owner\Downloads\sts-4.22.1.RELEASE\plugins\org.eclipse.m2e.maven.runtime_3.9.600.20231203-1234\jars\org.eclipse.sisu.plexus-0.9.0.M2.jar
2024-07-25 22:50:42,671 [Worker-149: Launching Executing clean in C__Preeti_Training_Week 1_Day3_springmvc] INFO  o.eclipse.m2e.core.internal.Bundles - 	Entry: C:\Users\owner\Downloads\sts-4.22.1.RELEASE\plugins\org.eclipse.m2e.maven.runtime_3.9.600.20231203-1234\jars\plexus-build-api-0.0.7.jar
2024-07-25 22:50:42,671 [Worker-149: Launching Executing clean in C__Preeti_Training_Week 1_Day3_springmvc] INFO  o.eclipse.m2e.core.internal.Bundles - 	Entry: C:\Users\owner\Downloads\sts-4.22.1.RELEASE\plugins\org.eclipse.m2e.maven.runtime_3.9.600.20231203-1234\jars\plexus-cipher-2.0.jar
2024-07-25 22:50:42,671 [Worker-149: Launching Executing clean in C__Preeti_Training_Week 1_Day3_springmvc] INFO  o.eclipse.m2e.core.internal.Bundles - 	Entry: C:\Users\owner\Downloads\sts-4.22.1.RELEASE\plugins\org.eclipse.m2e.maven.runtime_3.9.600.20231203-1234\jars\plexus-classworlds-2.7.0.jar
2024-07-25 22:50:42,671 [Worker-149: Launching Executing clean in C__Preeti_Training_Week 1_Day3_springmvc] INFO  o.eclipse.m2e.core.internal.Bundles - 	Entry: C:\Users\owner\Downloads\sts-4.22.1.RELEASE\plugins\org.eclipse.m2e.maven.runtime_3.9.600.20231203-1234\jars\plexus-component-annotations-2.1.0.jar
2024-07-25 22:50:42,671 [Worker-149: Launching Executing clean in C__Preeti_Training_Week 1_Day3_springmvc] INFO  o.eclipse.m2e.core.internal.Bundles - 	Entry: C:\Users\owner\Downloads\sts-4.22.1.RELEASE\plugins\org.eclipse.m2e.maven.runtime_3.9.600.20231203-1234\jars\plexus-interpolation-1.26.jar
2024-07-25 22:50:42,672 [Worker-149: Launching Executing clean in C__Preeti_Training_Week 1_Day3_springmvc] INFO  o.eclipse.m2e.core.internal.Bundles - 	Entry: C:\Users\owner\Downloads\sts-4.22.1.RELEASE\plugins\org.eclipse.m2e.maven.runtime_3.9.600.20231203-1234\jars\plexus-sec-dispatcher-2.0.jar
2024-07-25 22:50:42,672 [Worker-149: Launching Executing clean in C__Preeti_Training_Week 1_Day3_springmvc] INFO  o.eclipse.m2e.core.internal.Bundles - 	Entry: C:\Users\owner\Downloads\sts-4.22.1.RELEASE\plugins\org.eclipse.m2e.maven.runtime_3.9.600.20231203-1234\jars\plexus-utils-3.5.1.jar
2024-07-25 22:50:42,672 [Worker-149: Launching Executing clean in C__Preeti_Training_Week 1_Day3_springmvc] INFO  o.eclipse.m2e.core.internal.Bundles - 	Entry: C:\Users\owner\Downloads\sts-4.22.1.RELEASE\plugins\org.eclipse.m2e.maven.runtime_3.9.600.20231203-1234\jars\wagon-file-3.5.3.jar
2024-07-25 22:50:42,672 [Worker-149: Launching Executing clean in C__Preeti_Training_Week 1_Day3_springmvc] INFO  o.eclipse.m2e.core.internal.Bundles - 	Entry: C:\Users\owner\Downloads\sts-4.22.1.RELEASE\plugins\org.eclipse.m2e.maven.runtime_3.9.600.20231203-1234\jars\wagon-http-3.5.3.jar
2024-07-25 22:50:42,672 [Worker-149: Launching Executing clean in C__Preeti_Training_Week 1_Day3_springmvc] INFO  o.eclipse.m2e.core.internal.Bundles - 	Entry: C:\Users\owner\Downloads\sts-4.22.1.RELEASE\plugins\org.eclipse.m2e.maven.runtime_3.9.600.20231203-1234\jars\wagon-http-shared-3.5.3.jar
2024-07-25 22:50:42,673 [Worker-149: Launching Executing clean in C__Preeti_Training_Week 1_Day3_springmvc] INFO  o.eclipse.m2e.core.internal.Bundles - 	Entry: C:\Users\owner\Downloads\sts-4.22.1.RELEASE\plugins\org.eclipse.m2e.maven.runtime_3.9.600.20231203-1234\jars\wagon-provider-api-3.5.3.jar
2024-07-25 22:50:42,674 [Worker-149: Launching Executing clean in C__Preeti_Training_Week 1_Day3_springmvc] INFO  o.eclipse.m2e.core.internal.Bundles - getClasspathEntries(Bundle=com.google.guava_33.0.0.jre [27])
2024-07-25 22:50:42,674 [Worker-149: Launching Executing clean in C__Preeti_Training_Week 1_Day3_springmvc] INFO  o.eclipse.m2e.core.internal.Bundles - 	Entry: C:\Users\owner\Downloads\sts-4.22.1.RELEASE\plugins\com.google.guava_33.0.0.jre.jar
2024-07-25 22:50:42,675 [Worker-149: Launching Executing clean in C__Preeti_Training_Week 1_Day3_springmvc] INFO  o.eclipse.m2e.core.internal.Bundles - getClasspathEntries(Bundle=slf4j.api_2.0.12 [584])
2024-07-25 22:50:42,675 [Worker-149: Launching Executing clean in C__Preeti_Training_Week 1_Day3_springmvc] INFO  o.eclipse.m2e.core.internal.Bundles - 	Entry: C:\Users\owner\Downloads\sts-4.22.1.RELEASE\plugins\slf4j.api_2.0.12.jar
2024-07-25 22:50:42,675 [Worker-149: Launching Executing clean in C__Preeti_Training_Week 1_Day3_springmvc] INFO  o.eclipse.m2e.core.internal.Bundles - getClasspathEntries(Bundle=jakarta.inject.jakarta.inject-api_1.0.5 [44])
2024-07-25 22:50:42,676 [Worker-149: Launching Executing clean in C__Preeti_Training_Week 1_Day3_springmvc] INFO  o.eclipse.m2e.core.internal.Bundles - 	Entry: C:\Users\owner\Downloads\sts-4.22.1.RELEASE\plugins\jakarta.inject.jakarta.inject-api_1.0.5.jar
2024-07-25 22:50:42,676 [Worker-149: Launching Executing clean in C__Preeti_Training_Week 1_Day3_springmvc] INFO  o.eclipse.m2e.core.internal.Bundles - getClasspathEntries(Bundle=jakarta.annotation-api_1.3.5 [40])
2024-07-25 22:50:42,677 [Worker-149: Launching Executing clean in C__Preeti_Training_Week 1_Day3_springmvc] INFO  o.eclipse.m2e.core.internal.Bundles - 	Entry: C:\Users\owner\Downloads\sts-4.22.1.RELEASE\plugins\jakarta.annotation-api_1.3.5.jar
2024-07-25 22:50:42,677 [Worker-149: Launching Executing clean in C__Preeti_Training_Week 1_Day3_springmvc] INFO  o.eclipse.m2e.core.internal.Bundles - getClasspathEntries(Bundle=org.apache.commons.cli_1.6.0 [75])
2024-07-25 22:50:42,677 [Worker-149: Launching Executing clean in C__Preeti_Training_Week 1_Day3_springmvc] INFO  o.eclipse.m2e.core.internal.Bundles - 	Entry: C:\Users\owner\Downloads\sts-4.22.1.RELEASE\plugins\org.apache.commons.cli_1.6.0.jar
2024-07-25 22:50:42,678 [Worker-149: Launching Executing clean in C__Preeti_Training_Week 1_Day3_springmvc] INFO  o.eclipse.m2e.core.internal.Bundles - getClasspathEntries(Bundle=org.apache.commons.commons-codec_1.16.0 [77])
2024-07-25 22:50:42,678 [Worker-149: Launching Executing clean in C__Preeti_Training_Week 1_Day3_springmvc] INFO  o.eclipse.m2e.core.internal.Bundles - 	Entry: C:\Users\owner\Downloads\sts-4.22.1.RELEASE\plugins\org.apache.commons.commons-codec_1.16.0.jar
2024-07-25 22:50:42,678 [Worker-149: Launching Executing clean in C__Preeti_Training_Week 1_Day3_springmvc] INFO  o.eclipse.m2e.core.internal.Bundles - getClasspathEntries(Bundle=org.apache.commons.lang3_3.14.0 [81])
2024-07-25 22:50:42,679 [Worker-149: Launching Executing clean in C__Preeti_Training_Week 1_Day3_springmvc] INFO  o.eclipse.m2e.core.internal.Bundles - 	Entry: C:\Users\owner\Downloads\sts-4.22.1.RELEASE\plugins\org.apache.commons.lang3_3.14.0.jar
2024-07-25 22:50:42,679 [Worker-149: Launching Executing clean in C__Preeti_Training_Week 1_Day3_springmvc] INFO  o.eclipse.m2e.core.internal.Bundles - getClasspathEntries(Bundle=com.google.guava.failureaccess_1.0.2 [29])
2024-07-25 22:50:42,679 [Worker-149: Launching Executing clean in C__Preeti_Training_Week 1_Day3_springmvc] INFO  o.eclipse.m2e.core.internal.Bundles - 	Entry: C:\Users\owner\Downloads\sts-4.22.1.RELEASE\plugins\com.google.guava.failureaccess_1.0.2.jar
2024-07-25 22:50:42,683 [Worker-149: Launching Executing clean in C__Preeti_Training_Week 1_Day3_springmvc] INFO  o.e.m.i.launch.MavenLaunchDelegate - Run build in "C:\Preeti\Training\Week 1\Day3\springmvc":
2024-07-25 22:50:42,684 [Worker-149: Launching Executing clean in C__Preeti_Training_Week 1_Day3_springmvc] INFO  o.e.m.i.launch.MavenLaunchDelegate -  mvn  -B -Dstyle.color=always clean
2024-07-25 22:50:47,538 [Worker-157: Building] INFO  o.e.m.c.i.embedder.EclipseLogger - Using 'UTF-8' encoding to copy filtered resources.
2024-07-25 22:50:47,538 [Worker-157: Building] INFO  o.e.m.c.i.embedder.EclipseLogger - Copying 1 resource
2024-07-25 22:50:47,559 [Worker-157: Building] INFO  o.e.m.c.i.embedder.EclipseLogger - Using 'UTF-8' encoding to copy filtered resources.
2024-07-25 22:50:47,559 [Worker-157: Building] INFO  o.e.m.c.i.embedder.EclipseLogger - Copying 0 resource
2024-07-25 22:50:47,559 [Worker-157: Building] INFO  o.e.m.w.i.f.ResourceFilteringBuildParticipant - Changed resources require a complete clean of filtered resources of springmvc
2024-07-25 22:50:47,560 [Worker-157: Building] INFO  o.e.m.w.i.f.ResourceFilteringBuildParticipant - Executing resource filtering for springmvc
